build/app/intermediates/manifest_merge_blame_file/release/manifest-merger-blame-release-report.txt
1<?xml version="1.0" encoding="utf-8"?>
2<manifest xmlns:android="http://schemas.android.com/apk/res/android"
3    package="com.example.job_search_app"
4    android:versionCode="1"
5    android:versionName="1.0.0" >
6
7    <uses-sdk
8        android:minSdkVersion="21"
8-->src\main\AndroidManifest.xml
9        android:targetSdkVersion="30" />
9-->src\main\AndroidManifest.xml
10
11    <uses-permission android:name="android.permission.INTERNET" />
11-->[:google_sign_in_android] AndroidManifest.xml:9:5-67
11-->[:google_sign_in_android] AndroidManifest.xml:9:22-64
12    <uses-permission android:name="android.permission.ACCESS_NETWORK_STATE" />
12-->[com.google.firebase:firebase-auth:22.3.0] AndroidManifest.xml:26:5-79
12-->[com.google.firebase:firebase-auth:22.3.0] AndroidManifest.xml:26:22-76
13
14    <queries>
14-->[com.facebook.android:facebook-common:16.3.0] AndroidManifest.xml:17:5-19:15
15        <package android:name="com.facebook.katana" />
15-->[com.facebook.android:facebook-common:16.3.0] AndroidManifest.xml:18:9-55
15-->[com.facebook.android:facebook-common:16.3.0] AndroidManifest.xml:18:18-52
16    </queries>
17
18    <uses-permission android:name="android.permission.WAKE_LOCK" />
18-->[com.google.android.gms:play-services-measurement-api:21.5.0] AndroidManifest.xml:24:5-68
18-->[com.google.android.gms:play-services-measurement-api:21.5.0] AndroidManifest.xml:24:22-65
19    <uses-permission android:name="com.google.android.gms.permission.AD_ID" />
19-->[com.google.android.gms:play-services-measurement-api:21.5.0] AndroidManifest.xml:25:5-79
19-->[com.google.android.gms:play-services-measurement-api:21.5.0] AndroidManifest.xml:25:22-76
20    <uses-permission android:name="android.permission.ACCESS_ADSERVICES_ATTRIBUTION" />
20-->[com.google.android.gms:play-services-measurement-api:21.5.0] AndroidManifest.xml:26:5-88
20-->[com.google.android.gms:play-services-measurement-api:21.5.0] AndroidManifest.xml:26:22-85
21    <uses-permission android:name="android.permission.ACCESS_ADSERVICES_AD_ID" /> <!-- Create a unique permission for your app and use it so only your app can receive your OneSignal messages. -->
21-->[com.google.android.gms:play-services-measurement-api:21.5.0] AndroidManifest.xml:27:5-82
21-->[com.google.android.gms:play-services-measurement-api:21.5.0] AndroidManifest.xml:27:22-79
22    <permission
22-->[com.onesignal:notifications:5.0.4] AndroidManifest.xml:10:5-12:47
23        android:name="com.example.job_search_app.permission.C2D_MESSAGE"
23-->[com.onesignal:notifications:5.0.4] AndroidManifest.xml:11:9-63
24        android:protectionLevel="signature" />
24-->[com.onesignal:notifications:5.0.4] AndroidManifest.xml:12:9-44
25
26    <uses-permission android:name="com.example.job_search_app.permission.C2D_MESSAGE" /> <!-- Required runtime permission to display notifications on Android 13 -->
26-->[com.onesignal:notifications:5.0.4] AndroidManifest.xml:14:5-79
26-->[com.onesignal:notifications:5.0.4] AndroidManifest.xml:14:22-76
27    <uses-permission android:name="android.permission.POST_NOTIFICATIONS" /> <!-- c2dm RECEIVE are basic requirements for push messages through Google's FCM -->
27-->[com.onesignal:notifications:5.0.4] AndroidManifest.xml:17:5-77
27-->[com.onesignal:notifications:5.0.4] AndroidManifest.xml:17:22-74
28    <uses-permission android:name="com.google.android.c2dm.permission.RECEIVE" />
28-->[com.onesignal:notifications:5.0.4] AndroidManifest.xml:19:5-82
28-->[com.onesignal:notifications:5.0.4] AndroidManifest.xml:19:22-79
29    <!--
30 Required so the device vibrates on receiving a push notification.
31         Vibration settings of the device still apply.
32    -->
33    <uses-permission android:name="android.permission.VIBRATE" />
33-->[com.onesignal:notifications:5.0.4] AndroidManifest.xml:24:5-66
33-->[com.onesignal:notifications:5.0.4] AndroidManifest.xml:24:22-63
34    <!--
35 Use to restore notifications the user hasn't interacted with.
36     They could be missed notifications if the user reboots their device if this isn't in place.
37    -->
38    <uses-permission android:name="android.permission.RECEIVE_BOOT_COMPLETED" /> <!-- START: ShortcutBadger -->
38-->[com.onesignal:notifications:5.0.4] AndroidManifest.xml:29:5-81
38-->[com.onesignal:notifications:5.0.4] AndroidManifest.xml:29:22-78
39    <!-- Samsung -->
40    <uses-permission android:name="com.sec.android.provider.badge.permission.READ" />
40-->[com.onesignal:notifications:5.0.4] AndroidManifest.xml:31:5-86
40-->[com.onesignal:notifications:5.0.4] AndroidManifest.xml:31:22-83
41    <uses-permission android:name="com.sec.android.provider.badge.permission.WRITE" /> <!-- HTC -->
41-->[com.onesignal:notifications:5.0.4] AndroidManifest.xml:32:5-87
41-->[com.onesignal:notifications:5.0.4] AndroidManifest.xml:32:22-84
42    <uses-permission android:name="com.htc.launcher.permission.READ_SETTINGS" />
42-->[com.onesignal:notifications:5.0.4] AndroidManifest.xml:33:5-81
42-->[com.onesignal:notifications:5.0.4] AndroidManifest.xml:33:22-78
43    <uses-permission android:name="com.htc.launcher.permission.UPDATE_SHORTCUT" /> <!-- Sony -->
43-->[com.onesignal:notifications:5.0.4] AndroidManifest.xml:34:5-83
43-->[com.onesignal:notifications:5.0.4] AndroidManifest.xml:34:22-80
44    <uses-permission android:name="com.sonyericsson.home.permission.BROADCAST_BADGE" />
44-->[com.onesignal:notifications:5.0.4] AndroidManifest.xml:35:5-88
44-->[com.onesignal:notifications:5.0.4] AndroidManifest.xml:35:22-85
45    <uses-permission android:name="com.sonymobile.home.permission.PROVIDER_INSERT_BADGE" /> <!-- Apex -->
45-->[com.onesignal:notifications:5.0.4] AndroidManifest.xml:36:5-92
45-->[com.onesignal:notifications:5.0.4] AndroidManifest.xml:36:22-89
46    <uses-permission android:name="com.anddoes.launcher.permission.UPDATE_COUNT" /> <!-- Solid -->
46-->[com.onesignal:notifications:5.0.4] AndroidManifest.xml:37:5-84
46-->[com.onesignal:notifications:5.0.4] AndroidManifest.xml:37:22-81
47    <uses-permission android:name="com.majeur.launcher.permission.UPDATE_BADGE" /> <!-- Huawei -->
47-->[com.onesignal:notifications:5.0.4] AndroidManifest.xml:38:5-83
47-->[com.onesignal:notifications:5.0.4] AndroidManifest.xml:38:22-80
48    <uses-permission android:name="com.huawei.android.launcher.permission.CHANGE_BADGE" />
48-->[com.onesignal:notifications:5.0.4] AndroidManifest.xml:39:5-91
48-->[com.onesignal:notifications:5.0.4] AndroidManifest.xml:39:22-88
49    <uses-permission android:name="com.huawei.android.launcher.permission.READ_SETTINGS" />
49-->[com.onesignal:notifications:5.0.4] AndroidManifest.xml:40:5-92
49-->[com.onesignal:notifications:5.0.4] AndroidManifest.xml:40:22-89
50    <uses-permission android:name="com.huawei.android.launcher.permission.WRITE_SETTINGS" /> <!-- ZUK -->
50-->[com.onesignal:notifications:5.0.4] AndroidManifest.xml:41:5-93
50-->[com.onesignal:notifications:5.0.4] AndroidManifest.xml:41:22-90
51    <uses-permission android:name="android.permission.READ_APP_BADGE" /> <!-- OPPO -->
51-->[com.onesignal:notifications:5.0.4] AndroidManifest.xml:42:5-73
51-->[com.onesignal:notifications:5.0.4] AndroidManifest.xml:42:22-70
52    <uses-permission android:name="com.oppo.launcher.permission.READ_SETTINGS" />
52-->[com.onesignal:notifications:5.0.4] AndroidManifest.xml:43:5-82
52-->[com.onesignal:notifications:5.0.4] AndroidManifest.xml:43:22-79
53    <uses-permission android:name="com.oppo.launcher.permission.WRITE_SETTINGS" /> <!-- EvMe -->
53-->[com.onesignal:notifications:5.0.4] AndroidManifest.xml:44:5-83
53-->[com.onesignal:notifications:5.0.4] AndroidManifest.xml:44:22-80
54    <uses-permission android:name="me.everything.badger.permission.BADGE_COUNT_READ" />
54-->[com.onesignal:notifications:5.0.4] AndroidManifest.xml:45:5-88
54-->[com.onesignal:notifications:5.0.4] AndroidManifest.xml:45:22-85
55    <uses-permission android:name="me.everything.badger.permission.BADGE_COUNT_WRITE" />
55-->[com.onesignal:notifications:5.0.4] AndroidManifest.xml:46:5-89
55-->[com.onesignal:notifications:5.0.4] AndroidManifest.xml:46:22-86
56    <uses-permission android:name="com.google.android.finsky.permission.BIND_GET_INSTALL_REFERRER_SERVICE" />
56-->[com.google.android.gms:play-services-measurement:21.5.0] AndroidManifest.xml:26:5-110
56-->[com.google.android.gms:play-services-measurement:21.5.0] AndroidManifest.xml:26:22-107
57    <!--
58         At a minimum the location module requires course permission, the app has the option
59         to also include ACCESS_FINE_LOCATION and/or ACCESS_BACKGROUND_LOCATION
60    -->
61    <uses-permission android:name="android.permission.ACCESS_COARSE_LOCATION" />
61-->[com.onesignal:location:5.0.4] AndroidManifest.xml:13:5-81
61-->[com.onesignal:location:5.0.4] AndroidManifest.xml:13:22-78
62    <uses-permission android:name="android.permission.FOREGROUND_SERVICE" />
62-->[androidx.work:work-runtime:2.7.1] AndroidManifest.xml:28:5-77
62-->[androidx.work:work-runtime:2.7.1] AndroidManifest.xml:28:22-74
63
64    <permission
64-->[androidx.core:core:1.10.1] AndroidManifest.xml:22:5-24:47
65        android:name="com.example.job_search_app.DYNAMIC_RECEIVER_NOT_EXPORTED_PERMISSION"
65-->[androidx.core:core:1.10.1] AndroidManifest.xml:23:9-81
66        android:protectionLevel="signature" />
66-->[androidx.core:core:1.10.1] AndroidManifest.xml:24:9-44
67
68    <uses-permission android:name="com.example.job_search_app.DYNAMIC_RECEIVER_NOT_EXPORTED_PERMISSION" />
68-->[androidx.core:core:1.10.1] AndroidManifest.xml:26:5-97
68-->[androidx.core:core:1.10.1] AndroidManifest.xml:26:22-94
69
70    <application
71        android:name="android.app.Application"
71-->src\main\AndroidManifest.xml:4:9-42
72        android:appComponentFactory="androidx.core.app.CoreComponentFactory"
72-->[androidx.core:core:1.10.1] AndroidManifest.xml:28:18-86
73        android:enableOnBackInvokedCallback="true"
73-->src\main\AndroidManifest.xml:6:9-51
74        android:icon="@mipmap/launcher_icon"
74-->src\main\AndroidManifest.xml:5:9-45
75        android:label="Jobizz"
75-->src\main\AndroidManifest.xml:3:9-31
76        android:supportsRtl="true" >
76-->[com.facebook.android:facebook-android-sdk:8.2.0] AndroidManifest.xml:28:18-44
77        <activity
77-->src\main\AndroidManifest.xml:7:9-27:20
78            android:name="com.example.job_search_app.MainActivity"
78-->src\main\AndroidManifest.xml:8:13-41
79            android:configChanges="orientation|keyboardHidden|keyboard|screenSize|smallestScreenSize|locale|layoutDirection|fontScale|screenLayout|density|uiMode"
79-->src\main\AndroidManifest.xml:12:13-163
80            android:exported="true"
80-->src\main\AndroidManifest.xml:9:13-36
81            android:hardwareAccelerated="true"
81-->src\main\AndroidManifest.xml:13:13-47
82            android:launchMode="singleTop"
82-->src\main\AndroidManifest.xml:10:13-43
83            android:theme="@style/LaunchTheme"
83-->src\main\AndroidManifest.xml:11:13-47
84            android:windowSoftInputMode="adjustResize" >
84-->src\main\AndroidManifest.xml:14:13-55
85
86            <!--
87                 Specifies an Android theme to apply to this Activity as soon as
88                 the Android process has started. This theme is visible to the user
89                 while the Flutter UI initializes. After that, this theme continues
90                 to determine the Window background behind the Flutter UI.
91            -->
92            <meta-data
92-->src\main\AndroidManifest.xml:19:13-22:17
93                android:name="io.flutter.embedding.android.NormalTheme"
93-->src\main\AndroidManifest.xml:20:15-70
94                android:resource="@style/NormalTheme" />
94-->src\main\AndroidManifest.xml:21:15-52
95
96            <intent-filter>
96-->src\main\AndroidManifest.xml:23:13-26:29
97                <action android:name="android.intent.action.MAIN" />
97-->src\main\AndroidManifest.xml:24:17-68
97-->src\main\AndroidManifest.xml:24:25-66
98
99                <category android:name="android.intent.category.LAUNCHER" />
99-->src\main\AndroidManifest.xml:25:17-76
99-->src\main\AndroidManifest.xml:25:27-74
100            </intent-filter>
101        </activity>
102        <!--
103             Don't delete the meta-data below.
104             This is used by the Flutter tool to generate GeneratedPluginRegistrant.java
105        -->
106        <meta-data
106-->src\main\AndroidManifest.xml:30:9-32:33
107            android:name="flutterEmbedding"
107-->src\main\AndroidManifest.xml:31:13-44
108            android:value="2" />
108-->src\main\AndroidManifest.xml:32:13-30
109
110        <service
110-->[:firebase_auth] AndroidManifest.xml:10:9-14:19
111            android:name="com.google.firebase.components.ComponentDiscoveryService"
111-->[:firebase_auth] AndroidManifest.xml:10:18-89
112            android:directBootAware="true"
112-->[com.google.firebase:firebase-common:20.4.2] AndroidManifest.xml:32:13-43
113            android:exported="false" >
113-->[com.google.firebase:firebase-auth:22.3.0] AndroidManifest.xml:68:13-37
114            <meta-data
114-->[:firebase_auth] AndroidManifest.xml:11:13-13:85
115                android:name="com.google.firebase.components:io.flutter.plugins.firebase.auth.FlutterFirebaseAuthRegistrar"
115-->[:firebase_auth] AndroidManifest.xml:12:17-124
116                android:value="com.google.firebase.components.ComponentRegistrar" />
116-->[:firebase_auth] AndroidManifest.xml:13:17-82
117            <meta-data
117-->[:cloud_firestore] AndroidManifest.xml:11:13-13:85
118                android:name="com.google.firebase.components:io.flutter.plugins.firebase.firestore.FlutterFirebaseFirestoreRegistrar"
118-->[:cloud_firestore] AndroidManifest.xml:12:17-134
119                android:value="com.google.firebase.components.ComponentRegistrar" />
119-->[:cloud_firestore] AndroidManifest.xml:13:17-82
120            <meta-data
120-->[:firebase_core] AndroidManifest.xml:11:13-13:85
121                android:name="com.google.firebase.components:io.flutter.plugins.firebase.core.FlutterFirebaseCoreRegistrar"
121-->[:firebase_core] AndroidManifest.xml:12:17-124
122                android:value="com.google.firebase.components.ComponentRegistrar" />
122-->[:firebase_core] AndroidManifest.xml:13:17-82
123            <meta-data
123-->[com.google.firebase:firebase-auth:22.3.0] AndroidManifest.xml:69:13-71:85
124                android:name="com.google.firebase.components:com.google.firebase.auth.FirebaseAuthRegistrar"
124-->[com.google.firebase:firebase-auth:22.3.0] AndroidManifest.xml:70:17-109
125                android:value="com.google.firebase.components.ComponentRegistrar" />
125-->[com.google.firebase:firebase-auth:22.3.0] AndroidManifest.xml:71:17-82
126            <meta-data
126-->[com.google.android.gms:play-services-measurement-api:21.5.0] AndroidManifest.xml:37:13-39:85
127                android:name="com.google.firebase.components:com.google.firebase.analytics.connector.internal.AnalyticsConnectorRegistrar"
127-->[com.google.android.gms:play-services-measurement-api:21.5.0] AndroidManifest.xml:38:17-139
128                android:value="com.google.firebase.components.ComponentRegistrar" />
128-->[com.google.android.gms:play-services-measurement-api:21.5.0] AndroidManifest.xml:39:17-82
129            <meta-data
129-->[com.google.firebase:firebase-firestore:24.9.1] AndroidManifest.xml:17:13-19:85
130                android:name="com.google.firebase.components:com.google.firebase.firestore.FirebaseFirestoreKtxRegistrar"
130-->[com.google.firebase:firebase-firestore:24.9.1] AndroidManifest.xml:18:17-122
131                android:value="com.google.firebase.components.ComponentRegistrar" />
131-->[com.google.firebase:firebase-firestore:24.9.1] AndroidManifest.xml:19:17-82
132            <meta-data
132-->[com.google.firebase:firebase-firestore:24.9.1] AndroidManifest.xml:20:13-22:85
133                android:name="com.google.firebase.components:com.google.firebase.firestore.FirestoreRegistrar"
133-->[com.google.firebase:firebase-firestore:24.9.1] AndroidManifest.xml:21:17-111
134                android:value="com.google.firebase.components.ComponentRegistrar" />
134-->[com.google.firebase:firebase-firestore:24.9.1] AndroidManifest.xml:22:17-82
135            <meta-data
135-->[com.google.firebase:firebase-messaging:23.3.1] AndroidManifest.xml:57:13-59:85
136                android:name="com.google.firebase.components:com.google.firebase.messaging.FirebaseMessagingKtxRegistrar"
136-->[com.google.firebase:firebase-messaging:23.3.1] AndroidManifest.xml:58:17-122
137                android:value="com.google.firebase.components.ComponentRegistrar" />
137-->[com.google.firebase:firebase-messaging:23.3.1] AndroidManifest.xml:59:17-82
138            <meta-data
138-->[com.google.firebase:firebase-messaging:23.3.1] AndroidManifest.xml:60:13-62:85
139                android:name="com.google.firebase.components:com.google.firebase.messaging.FirebaseMessagingRegistrar"
139-->[com.google.firebase:firebase-messaging:23.3.1] AndroidManifest.xml:61:17-119
140                android:value="com.google.firebase.components.ComponentRegistrar" />
140-->[com.google.firebase:firebase-messaging:23.3.1] AndroidManifest.xml:62:17-82
141            <meta-data
141-->[com.google.firebase:firebase-installations:17.2.0] AndroidManifest.xml:15:13-17:85
142                android:name="com.google.firebase.components:com.google.firebase.installations.FirebaseInstallationsKtxRegistrar"
142-->[com.google.firebase:firebase-installations:17.2.0] AndroidManifest.xml:16:17-130
143                android:value="com.google.firebase.components.ComponentRegistrar" />
143-->[com.google.firebase:firebase-installations:17.2.0] AndroidManifest.xml:17:17-82
144            <meta-data
144-->[com.google.firebase:firebase-installations:17.2.0] AndroidManifest.xml:18:13-20:85
145                android:name="com.google.firebase.components:com.google.firebase.installations.FirebaseInstallationsRegistrar"
145-->[com.google.firebase:firebase-installations:17.2.0] AndroidManifest.xml:19:17-127
146                android:value="com.google.firebase.components.ComponentRegistrar" />
146-->[com.google.firebase:firebase-installations:17.2.0] AndroidManifest.xml:20:17-82
147            <meta-data
147-->[com.google.firebase:firebase-common-ktx:20.4.2] AndroidManifest.xml:12:13-14:85
148                android:name="com.google.firebase.components:com.google.firebase.ktx.FirebaseCommonLegacyRegistrar"
148-->[com.google.firebase:firebase-common-ktx:20.4.2] AndroidManifest.xml:13:17-116
149                android:value="com.google.firebase.components.ComponentRegistrar" />
149-->[com.google.firebase:firebase-common-ktx:20.4.2] AndroidManifest.xml:14:17-82
150            <meta-data
150-->[com.google.firebase:firebase-common:20.4.2] AndroidManifest.xml:35:13-37:85
151                android:name="com.google.firebase.components:com.google.firebase.FirebaseCommonKtxRegistrar"
151-->[com.google.firebase:firebase-common:20.4.2] AndroidManifest.xml:36:17-109
152                android:value="com.google.firebase.components.ComponentRegistrar" />
152-->[com.google.firebase:firebase-common:20.4.2] AndroidManifest.xml:37:17-82
153            <meta-data
153-->[com.google.firebase:firebase-datatransport:18.1.7] AndroidManifest.xml:27:13-29:85
154                android:name="com.google.firebase.components:com.google.firebase.datatransport.TransportRegistrar"
154-->[com.google.firebase:firebase-datatransport:18.1.7] AndroidManifest.xml:28:17-115
155                android:value="com.google.firebase.components.ComponentRegistrar" />
155-->[com.google.firebase:firebase-datatransport:18.1.7] AndroidManifest.xml:29:17-82
156        </service>
157
158        <activity
158-->[:url_launcher_android] AndroidManifest.xml:10:9-13:74
159            android:name="io.flutter.plugins.urllauncher.WebViewActivity"
159-->[:url_launcher_android] AndroidManifest.xml:11:13-74
160            android:exported="false"
160-->[:url_launcher_android] AndroidManifest.xml:12:13-37
161            android:theme="@android:style/Theme.NoTitleBar.Fullscreen" />
161-->[:url_launcher_android] AndroidManifest.xml:13:13-71
162        <activity
162-->[com.google.firebase:firebase-auth:22.3.0] AndroidManifest.xml:29:9-46:20
163            android:name="com.google.firebase.auth.internal.GenericIdpActivity"
163-->[com.google.firebase:firebase-auth:22.3.0] AndroidManifest.xml:30:13-80
164            android:excludeFromRecents="true"
164-->[com.google.firebase:firebase-auth:22.3.0] AndroidManifest.xml:31:13-46
165            android:exported="true"
165-->[com.google.firebase:firebase-auth:22.3.0] AndroidManifest.xml:32:13-36
166            android:launchMode="singleTask"
166-->[com.google.firebase:firebase-auth:22.3.0] AndroidManifest.xml:33:13-44
167            android:theme="@android:style/Theme.Translucent.NoTitleBar" >
167-->[com.google.firebase:firebase-auth:22.3.0] AndroidManifest.xml:34:13-72
168            <intent-filter>
168-->[com.google.firebase:firebase-auth:22.3.0] AndroidManifest.xml:35:13-45:29
169                <action android:name="android.intent.action.VIEW" />
169-->[com.google.firebase:firebase-auth:22.3.0] AndroidManifest.xml:36:17-69
169-->[com.google.firebase:firebase-auth:22.3.0] AndroidManifest.xml:36:25-66
170
171                <category android:name="android.intent.category.DEFAULT" />
171-->[com.google.firebase:firebase-auth:22.3.0] AndroidManifest.xml:38:17-76
171-->[com.google.firebase:firebase-auth:22.3.0] AndroidManifest.xml:38:27-73
172                <category android:name="android.intent.category.BROWSABLE" />
172-->[com.google.firebase:firebase-auth:22.3.0] AndroidManifest.xml:39:17-78
172-->[com.google.firebase:firebase-auth:22.3.0] AndroidManifest.xml:39:27-75
173
174                <data
174-->[com.google.firebase:firebase-auth:22.3.0] AndroidManifest.xml:41:17-44:51
175                    android:host="firebase.auth"
175-->[com.google.firebase:firebase-auth:22.3.0] AndroidManifest.xml:42:21-49
176                    android:path="/"
176-->[com.google.firebase:firebase-auth:22.3.0] AndroidManifest.xml:43:21-37
177                    android:scheme="genericidp" />
177-->[com.google.firebase:firebase-auth:22.3.0] AndroidManifest.xml:44:21-48
178            </intent-filter>
179        </activity>
180        <activity
180-->[com.google.firebase:firebase-auth:22.3.0] AndroidManifest.xml:47:9-64:20
181            android:name="com.google.firebase.auth.internal.RecaptchaActivity"
181-->[com.google.firebase:firebase-auth:22.3.0] AndroidManifest.xml:48:13-79
182            android:excludeFromRecents="true"
182-->[com.google.firebase:firebase-auth:22.3.0] AndroidManifest.xml:49:13-46
183            android:exported="true"
183-->[com.google.firebase:firebase-auth:22.3.0] AndroidManifest.xml:50:13-36
184            android:launchMode="singleTask"
184-->[com.google.firebase:firebase-auth:22.3.0] AndroidManifest.xml:51:13-44
185            android:theme="@android:style/Theme.Translucent.NoTitleBar" >
185-->[com.google.firebase:firebase-auth:22.3.0] AndroidManifest.xml:52:13-72
186            <intent-filter>
186-->[com.google.firebase:firebase-auth:22.3.0] AndroidManifest.xml:53:13-63:29
187                <action android:name="android.intent.action.VIEW" />
187-->[com.google.firebase:firebase-auth:22.3.0] AndroidManifest.xml:36:17-69
187-->[com.google.firebase:firebase-auth:22.3.0] AndroidManifest.xml:36:25-66
188
189                <category android:name="android.intent.category.DEFAULT" />
189-->[com.google.firebase:firebase-auth:22.3.0] AndroidManifest.xml:38:17-76
189-->[com.google.firebase:firebase-auth:22.3.0] AndroidManifest.xml:38:27-73
190                <category android:name="android.intent.category.BROWSABLE" />
190-->[com.google.firebase:firebase-auth:22.3.0] AndroidManifest.xml:39:17-78
190-->[com.google.firebase:firebase-auth:22.3.0] AndroidManifest.xml:39:27-75
191
192                <data
192-->[com.google.firebase:firebase-auth:22.3.0] AndroidManifest.xml:41:17-44:51
193                    android:host="firebase.auth"
193-->[com.google.firebase:firebase-auth:22.3.0] AndroidManifest.xml:42:21-49
194                    android:path="/"
194-->[com.google.firebase:firebase-auth:22.3.0] AndroidManifest.xml:43:21-37
195                    android:scheme="recaptcha" />
195-->[com.google.firebase:firebase-auth:22.3.0] AndroidManifest.xml:44:21-48
196            </intent-filter>
197        </activity>
198        <activity
198-->[com.facebook.android:facebook-common:16.3.0] AndroidManifest.xml:22:9-25:66
199            android:name="com.facebook.FacebookActivity"
199-->[com.facebook.android:facebook-common:16.3.0] AndroidManifest.xml:23:13-57
200            android:configChanges="keyboard|keyboardHidden|screenLayout|screenSize|orientation"
200-->[com.facebook.android:facebook-common:16.3.0] AndroidManifest.xml:24:13-96
201            android:theme="@style/com_facebook_activity_theme" />
201-->[com.facebook.android:facebook-common:16.3.0] AndroidManifest.xml:25:13-63
202        <activity android:name="com.facebook.CustomTabMainActivity" />
202-->[com.facebook.android:facebook-common:16.3.0] AndroidManifest.xml:26:9-71
202-->[com.facebook.android:facebook-common:16.3.0] AndroidManifest.xml:26:19-68
203        <activity
203-->[com.facebook.android:facebook-common:16.3.0] AndroidManifest.xml:27:9-41:20
204            android:name="com.facebook.CustomTabActivity"
204-->[com.facebook.android:facebook-common:16.3.0] AndroidManifest.xml:28:13-58
205            android:exported="true" >
205-->[com.facebook.android:facebook-common:16.3.0] AndroidManifest.xml:29:13-36
206            <intent-filter>
206-->[com.facebook.android:facebook-common:16.3.0] AndroidManifest.xml:31:13-40:29
207                <action android:name="android.intent.action.VIEW" />
207-->[com.google.firebase:firebase-auth:22.3.0] AndroidManifest.xml:36:17-69
207-->[com.google.firebase:firebase-auth:22.3.0] AndroidManifest.xml:36:25-66
208
209                <category android:name="android.intent.category.DEFAULT" />
209-->[com.google.firebase:firebase-auth:22.3.0] AndroidManifest.xml:38:17-76
209-->[com.google.firebase:firebase-auth:22.3.0] AndroidManifest.xml:38:27-73
210                <category android:name="android.intent.category.BROWSABLE" />
210-->[com.google.firebase:firebase-auth:22.3.0] AndroidManifest.xml:39:17-78
210-->[com.google.firebase:firebase-auth:22.3.0] AndroidManifest.xml:39:27-75
211
212                <data
212-->[com.google.firebase:firebase-auth:22.3.0] AndroidManifest.xml:41:17-44:51
213                    android:host="cct.com.example.job_search_app"
213-->[com.google.firebase:firebase-auth:22.3.0] AndroidManifest.xml:42:21-49
214                    android:scheme="fbconnect" />
214-->[com.google.firebase:firebase-auth:22.3.0] AndroidManifest.xml:44:21-48
215            </intent-filter>
216        </activity>
217        <activity
217-->[com.google.android.gms:play-services-auth:20.7.0] AndroidManifest.xml:23:9-27:75
218            android:name="com.google.android.gms.auth.api.signin.internal.SignInHubActivity"
218-->[com.google.android.gms:play-services-auth:20.7.0] AndroidManifest.xml:24:13-93
219            android:excludeFromRecents="true"
219-->[com.google.android.gms:play-services-auth:20.7.0] AndroidManifest.xml:25:13-46
220            android:exported="false"
220-->[com.google.android.gms:play-services-auth:20.7.0] AndroidManifest.xml:26:13-37
221            android:theme="@android:style/Theme.Translucent.NoTitleBar" />
221-->[com.google.android.gms:play-services-auth:20.7.0] AndroidManifest.xml:27:13-72
222        <!--
223            Service handling Google Sign-In user revocation. For apps that do not integrate with
224            Google Sign-In, this service will never be started.
225        -->
226        <service
226-->[com.google.android.gms:play-services-auth:20.7.0] AndroidManifest.xml:33:9-37:51
227            android:name="com.google.android.gms.auth.api.signin.RevocationBoundService"
227-->[com.google.android.gms:play-services-auth:20.7.0] AndroidManifest.xml:34:13-89
228            android:exported="true"
228-->[com.google.android.gms:play-services-auth:20.7.0] AndroidManifest.xml:35:13-36
229            android:permission="com.google.android.gms.auth.api.signin.permission.REVOCATION_NOTIFICATION"
229-->[com.google.android.gms:play-services-auth:20.7.0] AndroidManifest.xml:36:13-107
230            android:visibleToInstantApps="true" />
230-->[com.google.android.gms:play-services-auth:20.7.0] AndroidManifest.xml:37:13-48
231
232        <property
232-->[com.google.android.gms:play-services-measurement-api:21.5.0] AndroidManifest.xml:30:9-32:61
233            android:name="android.adservices.AD_SERVICES_CONFIG"
233-->[com.google.android.gms:play-services-measurement-api:21.5.0] AndroidManifest.xml:31:13-65
234            android:resource="@xml/ga_ad_services_config" />
234-->[com.google.android.gms:play-services-measurement-api:21.5.0] AndroidManifest.xml:32:13-58
235
236        <receiver
236-->[com.onesignal:notifications:5.0.4] AndroidManifest.xml:49:9-60:20
237            android:name="com.onesignal.notifications.receivers.FCMBroadcastReceiver"
237-->[com.onesignal:notifications:5.0.4] AndroidManifest.xml:50:13-86
238            android:exported="true"
238-->[com.onesignal:notifications:5.0.4] AndroidManifest.xml:51:13-36
239            android:permission="com.google.android.c2dm.permission.SEND" >
239-->[com.onesignal:notifications:5.0.4] AndroidManifest.xml:52:13-73
240
241            <!-- High priority so OneSignal payloads can be filtered from other FCM receivers -->
242            <intent-filter android:priority="999" >
242-->[com.onesignal:notifications:5.0.4] AndroidManifest.xml:55:13-59:29
242-->[com.onesignal:notifications:5.0.4] AndroidManifest.xml:55:28-50
243                <action android:name="com.google.android.c2dm.intent.RECEIVE" />